{"/Users/sukinhungphan/Documents/care/backend/config/logger.ts": {"path":"/Users/sukinhungphan/Documents/care/backend/config/logger.ts","statementMap":{"0":{"start":{"line":3,"column":26},"end":{"line":5,"column":1}},"1":{"start":{"line":4,"column":2},"end":{"line":4,"column":34}},"2":{"start":{"line":7,"column":27},"end":{"line":9,"column":1}},"3":{"start":{"line":8,"column":2},"end":{"line":8,"column":37}},"4":{"start":{"line":11,"column":15},"end":{"line":11,"column":30}},"5":{"start":{"line":12,"column":0},"end":{"line":12,"column":22}}},"fnMap":{"0":{"name":"(anonymous_0)","decl":{"start":{"line":3,"column":26},"end":{"line":3,"column":27}},"loc":{"start":{"line":3,"column":40},"end":{"line":5,"column":1}}},"1":{"name":"(anonymous_1)","decl":{"start":{"line":7,"column":27},"end":{"line":7,"column":28}},"loc":{"start":{"line":7,"column":41},"end":{"line":9,"column":1}}}},"branchMap":{},"s":{"0":1,"1":0,"2":1,"3":0,"4":1,"5":1},"f":{"0":0,"1":0},"b":{}}
,"/Users/sukinhungphan/Documents/care/backend/controllers/googleAuthController.ts": {"path":"/Users/sukinhungphan/Documents/care/backend/controllers/googleAuthController.ts","statementMap":{"0":{"start":{"line":2,"column":0},"end":{"line":2,"column":38}},"1":{"start":{"line":3,"column":25},"end":{"line":3,"column":55}},"2":{"start":{"line":4,"column":13},"end":{"line":4,"column":43}},"3":{"start":{"line":6,"column":15},"end":{"line":6,"column":107}},"4":{"start":{"line":8,"column":31},"end":{"line":39,"column":2}},"5":{"start":{"line":8,"column":69},"end":{"line":39,"column":2}},"6":{"start":{"line":9,"column":38},"end":{"line":9,"column":46}},"7":{"start":{"line":10,"column":4},"end":{"line":38,"column":5}},"8":{"start":{"line":12,"column":23},"end":{"line":15,"column":6}},"9":{"start":{"line":16,"column":20},"end":{"line":16,"column":39}},"10":{"start":{"line":18,"column":4},"end":{"line":18,"column":54}},"11":{"start":{"line":18,"column":19},"end":{"line":18,"column":54}},"12":{"start":{"line":21,"column":47},"end":{"line":21,"column":54}},"13":{"start":{"line":24,"column":15},"end":{"line":24,"column":44}},"14":{"start":{"line":26,"column":4},"end":{"line":33,"column":5}},"15":{"start":{"line":28,"column":6},"end":{"line":32,"column":9}},"16":{"start":{"line":34,"column":4},"end":{"line":34,"column":38}},"17":{"start":{"line":36,"column":8},"end":{"line":36,"column":55}},"18":{"start":{"line":37,"column":8},"end":{"line":37,"column":28}},"19":{"start":{"line":8,"column":13},"end":{"line":8,"column":31}}},"fnMap":{"0":{"name":"(anonymous_8)","decl":{"start":{"line":8,"column":31},"end":{"line":8,"column":38}},"loc":{"start":{"line":8,"column":69},"end":{"line":39,"column":2}}},"1":{"name":"(anonymous_9)","decl":{"start":{"line":8,"column":69},"end":{"line":8,"column":null}},"loc":{"start":{"line":8,"column":69},"end":{"line":39,"column":1}}}},"branchMap":{"0":{"loc":{"start":{"line":18,"column":4},"end":{"line":18,"column":54}},"type":"if","locations":[{"start":{"line":18,"column":4},"end":{"line":18,"column":54}}]},"1":{"loc":{"start":{"line":26,"column":4},"end":{"line":33,"column":5}},"type":"if","locations":[{"start":{"line":26,"column":4},"end":{"line":33,"column":5}}]}},"s":{"0":1,"1":1,"2":1,"3":1,"4":1,"5":0,"6":0,"7":0,"8":0,"9":0,"10":0,"11":0,"12":0,"13":0,"14":0,"15":0,"16":0,"17":0,"18":0,"19":1},"f":{"0":0,"1":0},"b":{"0":[0],"1":[0]}}
,"/Users/sukinhungphan/Documents/care/backend/controllers/itemControler.ts": {"path":"/Users/sukinhungphan/Documents/care/backend/controllers/itemControler.ts","statementMap":{"0":{"start":{"line":2,"column":0},"end":{"line":2,"column":39}},"1":{"start":{"line":3,"column":0},"end":{"line":3,"column":60}},"2":{"start":{"line":6,"column":26},"end":{"line":25,"column":2}},"3":{"start":{"line":6,"column":84},"end":{"line":25,"column":2}},"4":{"start":{"line":7,"column":4},"end":{"line":24,"column":5}},"5":{"start":{"line":8,"column":81},"end":{"line":8,"column":98}},"6":{"start":{"line":10,"column":24},"end":{"line":18,"column":10}},"7":{"start":{"line":20,"column":26},"end":{"line":20,"column":46}},"8":{"start":{"line":21,"column":8},"end":{"line":21,"column":40}},"9":{"start":{"line":23,"column":8},"end":{"line":23,"column":null}},"10":{"start":{"line":6,"column":13},"end":{"line":6,"column":26}},"11":{"start":{"line":27,"column":27},"end":{"line":34,"column":2}},"12":{"start":{"line":27,"column":86},"end":{"line":34,"column":2}},"13":{"start":{"line":28,"column":4},"end":{"line":33,"column":5}},"14":{"start":{"line":29,"column":22},"end":{"line":29,"column":75}},"15":{"start":{"line":30,"column":8},"end":{"line":30,"column":24}},"16":{"start":{"line":32,"column":8},"end":{"line":32,"column":null}},"17":{"start":{"line":27,"column":13},"end":{"line":27,"column":27}},"18":{"start":{"line":36,"column":27},"end":{"line":46,"column":2}},"19":{"start":{"line":36,"column":85},"end":{"line":46,"column":2}},"20":{"start":{"line":37,"column":4},"end":{"line":45,"column":5}},"21":{"start":{"line":38,"column":21},"end":{"line":38,"column":89}},"22":{"start":{"line":39,"column":8},"end":{"line":41,"column":9}},"23":{"start":{"line":40,"column":12},"end":{"line":40,"column":56}},"24":{"start":{"line":42,"column":8},"end":{"line":42,"column":23}},"25":{"start":{"line":44,"column":8},"end":{"line":44,"column":null}},"26":{"start":{"line":36,"column":13},"end":{"line":36,"column":27}},"27":{"start":{"line":48,"column":26},"end":{"line":58,"column":2}},"28":{"start":{"line":48,"column":84},"end":{"line":58,"column":2}},"29":{"start":{"line":49,"column":4},"end":{"line":57,"column":5}},"30":{"start":{"line":50,"column":28},"end":{"line":50,"column":96}},"31":{"start":{"line":51,"column":8},"end":{"line":53,"column":9}},"32":{"start":{"line":52,"column":12},"end":{"line":52,"column":56}},"33":{"start":{"line":54,"column":8},"end":{"line":54,"column":30}},"34":{"start":{"line":56,"column":8},"end":{"line":56,"column":null}},"35":{"start":{"line":48,"column":13},"end":{"line":48,"column":26}},"36":{"start":{"line":60,"column":26},"end":{"line":70,"column":2}},"37":{"start":{"line":60,"column":84},"end":{"line":70,"column":2}},"38":{"start":{"line":61,"column":4},"end":{"line":69,"column":5}},"39":{"start":{"line":62,"column":28},"end":{"line":62,"column":71}},"40":{"start":{"line":63,"column":8},"end":{"line":65,"column":9}},"41":{"start":{"line":64,"column":12},"end":{"line":64,"column":56}},"42":{"start":{"line":66,"column":8},"end":{"line":66,"column":30}},"43":{"start":{"line":68,"column":8},"end":{"line":68,"column":16}},"44":{"start":{"line":60,"column":13},"end":{"line":60,"column":26}}},"fnMap":{"0":{"name":"(anonymous_8)","decl":{"start":{"line":6,"column":26},"end":{"line":6,"column":33}},"loc":{"start":{"line":6,"column":84},"end":{"line":25,"column":2}}},"1":{"name":"(anonymous_9)","decl":{"start":{"line":6,"column":84},"end":{"line":6,"column":null}},"loc":{"start":{"line":6,"column":84},"end":{"line":25,"column":1}}},"2":{"name":"(anonymous_10)","decl":{"start":{"line":27,"column":27},"end":{"line":27,"column":34}},"loc":{"start":{"line":27,"column":86},"end":{"line":34,"column":2}}},"3":{"name":"(anonymous_11)","decl":{"start":{"line":27,"column":86},"end":{"line":27,"column":null}},"loc":{"start":{"line":27,"column":86},"end":{"line":34,"column":1}}},"4":{"name":"(anonymous_12)","decl":{"start":{"line":36,"column":27},"end":{"line":36,"column":34}},"loc":{"start":{"line":36,"column":85},"end":{"line":46,"column":2}}},"5":{"name":"(anonymous_13)","decl":{"start":{"line":36,"column":85},"end":{"line":36,"column":null}},"loc":{"start":{"line":36,"column":85},"end":{"line":46,"column":1}}},"6":{"name":"(anonymous_14)","decl":{"start":{"line":48,"column":26},"end":{"line":48,"column":33}},"loc":{"start":{"line":48,"column":84},"end":{"line":58,"column":2}}},"7":{"name":"(anonymous_15)","decl":{"start":{"line":48,"column":84},"end":{"line":48,"column":null}},"loc":{"start":{"line":48,"column":84},"end":{"line":58,"column":1}}},"8":{"name":"(anonymous_16)","decl":{"start":{"line":60,"column":26},"end":{"line":60,"column":33}},"loc":{"start":{"line":60,"column":84},"end":{"line":70,"column":2}}},"9":{"name":"(anonymous_17)","decl":{"start":{"line":60,"column":84},"end":{"line":60,"column":null}},"loc":{"start":{"line":60,"column":84},"end":{"line":70,"column":1}}}},"branchMap":{"0":{"loc":{"start":{"line":39,"column":8},"end":{"line":41,"column":9}},"type":"if","locations":[{"start":{"line":39,"column":8},"end":{"line":41,"column":9}}]},"1":{"loc":{"start":{"line":51,"column":8},"end":{"line":53,"column":9}},"type":"if","locations":[{"start":{"line":51,"column":8},"end":{"line":53,"column":9}}]},"2":{"loc":{"start":{"line":63,"column":8},"end":{"line":65,"column":9}},"type":"if","locations":[{"start":{"line":63,"column":8},"end":{"line":65,"column":9}}]}},"s":{"0":1,"1":1,"2":1,"3":0,"4":0,"5":0,"6":0,"7":0,"8":0,"9":0,"10":1,"11":1,"12":0,"13":0,"14":0,"15":0,"16":0,"17":1,"18":1,"19":0,"20":0,"21":0,"22":0,"23":0,"24":0,"25":0,"26":1,"27":1,"28":0,"29":0,"30":0,"31":0,"32":0,"33":0,"34":0,"35":1,"36":1,"37":0,"38":0,"39":0,"40":0,"41":0,"42":0,"43":0,"44":1},"f":{"0":0,"1":0,"2":0,"3":0,"4":0,"5":0,"6":0,"7":0,"8":0,"9":0},"b":{"0":[0],"1":[0],"2":[0]}}
,"/Users/sukinhungphan/Documents/care/backend/controllers/userController.ts": {"path":"/Users/sukinhungphan/Documents/care/backend/controllers/userController.ts","statementMap":{"0":{"start":{"line":3,"column":13},"end":{"line":3,"column":36}},"1":{"start":{"line":4,"column":15},"end":{"line":4,"column":34}},"2":{"start":{"line":6,"column":0},"end":{"line":6,"column":50}},"3":{"start":{"line":7,"column":0},"end":{"line":7,"column":68}},"4":{"start":{"line":9,"column":19},"end":{"line":9,"column":41}},"5":{"start":{"line":10,"column":26},"end":{"line":31,"column":2}},"6":{"start":{"line":10,"column":84},"end":{"line":31,"column":2}},"7":{"start":{"line":11,"column":4},"end":{"line":30,"column":5}},"8":{"start":{"line":12,"column":42},"end":{"line":12,"column":50}},"9":{"start":{"line":14,"column":29},"end":{"line":14,"column":58}},"10":{"start":{"line":15,"column":8},"end":{"line":17,"column":9}},"11":{"start":{"line":16,"column":12},"end":{"line":16,"column":55}},"12":{"start":{"line":19,"column":29},"end":{"line":19,"column":60}},"13":{"start":{"line":20,"column":31},"end":{"line":20,"column":70}},"14":{"start":{"line":21,"column":8},"end":{"line":21,"column":29}},"15":{"start":{"line":23,"column":22},"end":{"line":25,"column":10}},"16":{"start":{"line":27,"column":8},"end":{"line":27,"column":64}},"17":{"start":{"line":29,"column":8},"end":{"line":29,"column":20}},"18":{"start":{"line":10,"column":13},"end":{"line":10,"column":26}},"19":{"start":{"line":34,"column":27},"end":{"line":41,"column":2}},"20":{"start":{"line":34,"column":86},"end":{"line":41,"column":2}},"21":{"start":{"line":35,"column":4},"end":{"line":40,"column":5}},"22":{"start":{"line":36,"column":22},"end":{"line":36,"column":41}},"23":{"start":{"line":37,"column":8},"end":{"line":37,"column":24}},"24":{"start":{"line":39,"column":8},"end":{"line":39,"column":20}},"25":{"start":{"line":34,"column":13},"end":{"line":34,"column":27}},"26":{"start":{"line":43,"column":25},"end":{"line":63,"column":2}},"27":{"start":{"line":43,"column":83},"end":{"line":63,"column":2}},"28":{"start":{"line":44,"column":4},"end":{"line":62,"column":5}},"29":{"start":{"line":45,"column":36},"end":{"line":45,"column":44}},"30":{"start":{"line":46,"column":21},"end":{"line":46,"column":50}},"31":{"start":{"line":47,"column":8},"end":{"line":49,"column":9}},"32":{"start":{"line":48,"column":12},"end":{"line":48,"column":44}},"33":{"start":{"line":51,"column":32},"end":{"line":51,"column":81}},"34":{"start":{"line":52,"column":8},"end":{"line":54,"column":9}},"35":{"start":{"line":53,"column":12},"end":{"line":53,"column":44}},"36":{"start":{"line":56,"column":22},"end":{"line":58,"column":10}},"37":{"start":{"line":59,"column":8},"end":{"line":59,"column":49}},"38":{"start":{"line":61,"column":8},"end":{"line":61,"column":20}},"39":{"start":{"line":43,"column":13},"end":{"line":43,"column":25}}},"fnMap":{"0":{"name":"(anonymous_8)","decl":{"start":{"line":10,"column":26},"end":{"line":10,"column":33}},"loc":{"start":{"line":10,"column":84},"end":{"line":31,"column":2}}},"1":{"name":"(anonymous_9)","decl":{"start":{"line":10,"column":84},"end":{"line":10,"column":null}},"loc":{"start":{"line":10,"column":84},"end":{"line":31,"column":1}}},"2":{"name":"(anonymous_10)","decl":{"start":{"line":34,"column":27},"end":{"line":34,"column":34}},"loc":{"start":{"line":34,"column":86},"end":{"line":41,"column":2}}},"3":{"name":"(anonymous_11)","decl":{"start":{"line":34,"column":86},"end":{"line":34,"column":null}},"loc":{"start":{"line":34,"column":86},"end":{"line":41,"column":1}}},"4":{"name":"(anonymous_12)","decl":{"start":{"line":43,"column":25},"end":{"line":43,"column":32}},"loc":{"start":{"line":43,"column":83},"end":{"line":63,"column":2}}},"5":{"name":"(anonymous_13)","decl":{"start":{"line":43,"column":83},"end":{"line":43,"column":null}},"loc":{"start":{"line":43,"column":83},"end":{"line":63,"column":1}}}},"branchMap":{"0":{"loc":{"start":{"line":15,"column":8},"end":{"line":17,"column":9}},"type":"if","locations":[{"start":{"line":15,"column":8},"end":{"line":17,"column":9}}]},"1":{"loc":{"start":{"line":47,"column":8},"end":{"line":49,"column":9}},"type":"if","locations":[{"start":{"line":47,"column":8},"end":{"line":49,"column":9}}]},"2":{"loc":{"start":{"line":52,"column":8},"end":{"line":54,"column":9}},"type":"if","locations":[{"start":{"line":52,"column":8},"end":{"line":54,"column":9}}]}},"s":{"0":1,"1":1,"2":1,"3":1,"4":1,"5":1,"6":0,"7":0,"8":0,"9":0,"10":0,"11":0,"12":0,"13":0,"14":0,"15":0,"16":0,"17":0,"18":1,"19":1,"20":0,"21":0,"22":0,"23":0,"24":0,"25":1,"26":1,"27":0,"28":0,"29":0,"30":0,"31":0,"32":0,"33":0,"34":0,"35":0,"36":0,"37":0,"38":0,"39":1},"f":{"0":0,"1":0,"2":0,"3":0,"4":0,"5":0},"b":{"0":[0],"1":[0],"2":[0]}}
,"/Users/sukinhungphan/Documents/care/backend/errors/AuthenticationError.ts": {"path":"/Users/sukinhungphan/Documents/care/backend/errors/AuthenticationError.ts","statementMap":{"0":{"start":{"line":1,"column":0},"end":{"line":1,"column":51}},"1":{"start":{"line":6,"column":8},"end":{"line":6,"column":65}},"2":{"start":{"line":4,"column":4},"end":{"line":4,"column":21}},"3":{"start":{"line":7,"column":8},"end":{"line":7,"column":67}},"4":{"start":{"line":10,"column":8},"end":{"line":10,"column":78}},"5":{"start":{"line":3,"column":0},"end":{"line":3,"column":13}}},"fnMap":{"0":{"name":"(anonymous_0)","decl":{"start":{"line":5,"column":4},"end":{"line":5,"column":null}},"loc":{"start":{"line":5,"column":4},"end":{"line":8,"column":5}}},"1":{"name":"(anonymous_1)","decl":{"start":{"line":9,"column":4},"end":{"line":9,"column":13}},"loc":{"start":{"line":9,"column":13},"end":{"line":11,"column":5}}}},"branchMap":{},"s":{"0":1,"1":0,"2":0,"3":0,"4":0,"5":1},"f":{"0":0,"1":0},"b":{}}
,"/Users/sukinhungphan/Documents/care/backend/errors/BadRequestError.ts": {"path":"/Users/sukinhungphan/Documents/care/backend/errors/BadRequestError.ts","statementMap":{"0":{"start":{"line":1,"column":0},"end":{"line":1,"column":51}},"1":{"start":{"line":6,"column":8},"end":{"line":6,"column":23}},"2":{"start":{"line":5,"column":23},"end":{"line":5,"column":38}},"3":{"start":{"line":4,"column":4},"end":{"line":4,"column":21}},"4":{"start":{"line":7,"column":8},"end":{"line":7,"column":63}},"5":{"start":{"line":10,"column":8},"end":{"line":10,"column":null}},"6":{"start":{"line":3,"column":0},"end":{"line":3,"column":13}}},"fnMap":{"0":{"name":"(anonymous_0)","decl":{"start":{"line":5,"column":4},"end":{"line":5,"column":23}},"loc":{"start":{"line":5,"column":38},"end":{"line":8,"column":5}}},"1":{"name":"(anonymous_1)","decl":{"start":{"line":9,"column":4},"end":{"line":9,"column":13}},"loc":{"start":{"line":9,"column":13},"end":{"line":11,"column":5}}}},"branchMap":{},"s":{"0":1,"1":0,"2":0,"3":0,"4":0,"5":0,"6":1},"f":{"0":0,"1":0},"b":{}}
,"/Users/sukinhungphan/Documents/care/backend/models/ItemModel.ts": {"path":"/Users/sukinhungphan/Documents/care/backend/models/ItemModel.ts","statementMap":{"0":{"start":{"line":1,"column":0},"end":{"line":1,"column":61}},"1":{"start":{"line":16,"column":34},"end":{"line":60,"column":2}},"2":{"start":{"line":58,"column":23},"end":{"line":58,"column":33}},"3":{"start":{"line":63,"column":0},"end":{"line":63,"column":31}},"4":{"start":{"line":64,"column":0},"end":{"line":64,"column":30}},"5":{"start":{"line":65,"column":0},"end":{"line":65,"column":33}},"6":{"start":{"line":67,"column":0},"end":{"line":74,"column":3}},"7":{"start":{"line":69,"column":4},"end":{"line":69,"column":54}},"8":{"start":{"line":71,"column":4},"end":{"line":71,"column":30}},"9":{"start":{"line":72,"column":4},"end":{"line":72,"column":30}},"10":{"start":{"line":76,"column":27},"end":{"line":76,"column":68}},"11":{"start":{"line":77,"column":0},"end":{"line":77,"column":20}}},"fnMap":{"0":{"name":"(anonymous_1)","decl":{"start":{"line":58,"column":17},"end":{"line":58,"column":20}},"loc":{"start":{"line":58,"column":23},"end":{"line":58,"column":33}}},"1":{"name":"(anonymous_2)","decl":{"start":{"line":68,"column":15},"end":{"line":68,"column":16}},"loc":{"start":{"line":68,"column":88},"end":{"line":73,"column":1}}}},"branchMap":{},"s":{"0":1,"1":1,"2":0,"3":1,"4":1,"5":1,"6":1,"7":0,"8":0,"9":0,"10":1,"11":1},"f":{"0":0,"1":0},"b":{}}
,"/Users/sukinhungphan/Documents/care/backend/models/UserModel.ts": {"path":"/Users/sukinhungphan/Documents/care/backend/models/UserModel.ts","statementMap":{"0":{"start":{"line":1,"column":0},"end":{"line":1,"column":54}},"1":{"start":{"line":10,"column":19},"end":{"line":15,"column":2}},"2":{"start":{"line":17,"column":0},"end":{"line":27,"column":null}},"3":{"start":{"line":19,"column":8},"end":{"line":19,"column":58}},"4":{"start":{"line":21,"column":8},"end":{"line":21,"column":34}},"5":{"start":{"line":22,"column":8},"end":{"line":22,"column":34}},"6":{"start":{"line":25,"column":8},"end":{"line":25,"column":43}},"7":{"start":{"line":29,"column":14},"end":{"line":29,"column":55}},"8":{"start":{"line":31,"column":0},"end":{"line":31,"column":20}}},"fnMap":{"0":{"name":"(anonymous_6)","decl":{"start":{"line":18,"column":15},"end":{"line":18,"column":16}},"loc":{"start":{"line":18,"column":88},"end":{"line":26,"column":5}}}},"branchMap":{},"s":{"0":2,"1":2,"2":2,"3":0,"4":0,"5":0,"6":0,"7":2,"8":2},"f":{"0":0},"b":{}}
,"/Users/sukinhungphan/Documents/care/backend/routes/itemRoutes.ts": {"path":"/Users/sukinhungphan/Documents/care/backend/routes/itemRoutes.ts","statementMap":{"0":{"start":{"line":1,"column":0},"end":{"line":1,"column":30}},"1":{"start":{"line":2,"column":0},"end":{"line":2,"column":68}},"2":{"start":{"line":3,"column":0},"end":{"line":3,"column":108}},"3":{"start":{"line":5,"column":19},"end":{"line":5,"column":35}},"4":{"start":{"line":8,"column":0},"end":{"line":8,"column":33}},"5":{"start":{"line":11,"column":0},"end":{"line":11,"column":36}},"6":{"start":{"line":14,"column":0},"end":{"line":14,"column":46}},"7":{"start":{"line":17,"column":0},"end":{"line":17,"column":48}},"8":{"start":{"line":20,"column":0},"end":{"line":20,"column":51}},"9":{"start":{"line":22,"column":0},"end":{"line":22,"column":26}}},"fnMap":{},"branchMap":{},"s":{"0":1,"1":1,"2":1,"3":1,"4":1,"5":1,"6":1,"7":1,"8":1,"9":1},"f":{},"b":{}}
,"/Users/sukinhungphan/Documents/care/backend/routes/userRoutes.ts": {"path":"/Users/sukinhungphan/Documents/care/backend/routes/userRoutes.ts","statementMap":{"0":{"start":{"line":1,"column":0},"end":{"line":1,"column":30}},"1":{"start":{"line":2,"column":0},"end":{"line":2,"column":83}},"2":{"start":{"line":3,"column":0},"end":{"line":3,"column":70}},"3":{"start":{"line":5,"column":19},"end":{"line":5,"column":35}},"4":{"start":{"line":7,"column":0},"end":{"line":7,"column":39}},"5":{"start":{"line":9,"column":0},"end":{"line":9,"column":37}},"6":{"start":{"line":11,"column":0},"end":{"line":11,"column":53}},"7":{"start":{"line":13,"column":0},"end":{"line":13,"column":33}},"8":{"start":{"line":15,"column":0},"end":{"line":15,"column":26}}},"fnMap":{},"branchMap":{},"s":{"0":1,"1":1,"2":1,"3":1,"4":1,"5":1,"6":1,"7":1,"8":1},"f":{},"b":{}}
,"/Users/sukinhungphan/Documents/care/backend/utils/CustomError.ts": {"path":"/Users/sukinhungphan/Documents/care/backend/utils/CustomError.ts","statementMap":{"0":{"start":{"line":3,"column":8},"end":{"line":3,"column":23}},"1":{"start":{"line":2,"column":23},"end":{"line":2,"column":38}},"2":{"start":{"line":1,"column":0},"end":{"line":1,"column":22}}},"fnMap":{"0":{"name":"(anonymous_0)","decl":{"start":{"line":2,"column":4},"end":{"line":2,"column":23}},"loc":{"start":{"line":2,"column":38},"end":{"line":4,"column":5}}}},"branchMap":{},"s":{"0":0,"1":0,"2":2},"f":{"0":0},"b":{}}
}
