{"/Users/sukinhungphan/Documents/care/backend/config/config.ts": {"path":"/Users/sukinhungphan/Documents/care/backend/config/config.ts","statementMap":{"0":{"start":{"line":1,"column":0},"end":{"line":1,"column":28}},"1":{"start":{"line":2,"column":0},"end":{"line":2,"column":16}},"2":{"start":{"line":4,"column":21},"end":{"line":4,"column":53}},"3":{"start":{"line":5,"column":30},"end":{"line":5,"column":67}},"4":{"start":{"line":6,"column":22},"end":{"line":6,"column":49}},"5":{"start":{"line":8,"column":20},"end":{"line":8,"column":75}},"6":{"start":{"line":10,"column":15},"end":{"line":10,"column":36}},"7":{"start":{"line":11,"column":0},"end":{"line":11,"column":22}}},"fnMap":{},"branchMap":{"0":{"loc":{"start":{"line":4,"column":21},"end":{"line":4,"column":53}},"type":"binary-expr","locations":[{"start":{"line":4,"column":21},"end":{"line":4,"column":45}},{"start":{"line":4,"column":49},"end":{"line":4,"column":53}}]},"1":{"loc":{"start":{"line":8,"column":20},"end":{"line":8,"column":75}},"type":"cond-expr","locations":[{"start":{"line":8,"column":36},"end":{"line":8,"column":59}},{"start":{"line":8,"column":62},"end":{"line":8,"column":75}}]}},"s":{"0":1,"1":1,"2":1,"3":1,"4":1,"5":1,"6":1,"7":1},"f":{},"b":{"0":[1,0],"1":[0,1]}}
,"/Users/sukinhungphan/Documents/care/backend/config/logger.ts": {"path":"/Users/sukinhungphan/Documents/care/backend/config/logger.ts","statementMap":{"0":{"start":{"line":3,"column":26},"end":{"line":5,"column":1}},"1":{"start":{"line":4,"column":2},"end":{"line":4,"column":34}},"2":{"start":{"line":7,"column":27},"end":{"line":9,"column":1}},"3":{"start":{"line":8,"column":2},"end":{"line":8,"column":37}},"4":{"start":{"line":11,"column":15},"end":{"line":11,"column":30}},"5":{"start":{"line":12,"column":0},"end":{"line":12,"column":22}}},"fnMap":{"0":{"name":"(anonymous_0)","decl":{"start":{"line":3,"column":26},"end":{"line":3,"column":27}},"loc":{"start":{"line":3,"column":40},"end":{"line":5,"column":1}}},"1":{"name":"(anonymous_1)","decl":{"start":{"line":7,"column":27},"end":{"line":7,"column":28}},"loc":{"start":{"line":7,"column":41},"end":{"line":9,"column":1}}}},"branchMap":{},"s":{"0":1,"1":1,"2":1,"3":0,"4":1,"5":1},"f":{"0":1,"1":0},"b":{}}
,"/Users/sukinhungphan/Documents/care/backend/controllers/item/itemControler.ts": {"path":"/Users/sukinhungphan/Documents/care/backend/controllers/item/itemControler.ts","statementMap":{"0":{"start":{"line":2,"column":0},"end":{"line":2,"column":42}},"1":{"start":{"line":3,"column":0},"end":{"line":3,"column":63}},"2":{"start":{"line":5,"column":0},"end":{"line":5,"column":60}},"3":{"start":{"line":7,"column":26},"end":{"line":30,"column":2}},"4":{"start":{"line":7,"column":84},"end":{"line":30,"column":2}},"5":{"start":{"line":8,"column":4},"end":{"line":29,"column":5}},"6":{"start":{"line":9,"column":85},"end":{"line":9,"column":102}},"7":{"start":{"line":10,"column":29},"end":{"line":10,"column":47}},"8":{"start":{"line":12,"column":24},"end":{"line":23,"column":10}},"9":{"start":{"line":25,"column":26},"end":{"line":25,"column":46}},"10":{"start":{"line":26,"column":8},"end":{"line":26,"column":46}},"11":{"start":{"line":28,"column":8},"end":{"line":28,"column":null}},"12":{"start":{"line":7,"column":13},"end":{"line":7,"column":26}},"13":{"start":{"line":32,"column":27},"end":{"line":34,"column":2}},"14":{"start":{"line":32,"column":87},"end":{"line":34,"column":2}},"15":{"start":{"line":33,"column":4},"end":{"line":33,"column":27}},"16":{"start":{"line":32,"column":13},"end":{"line":32,"column":27}},"17":{"start":{"line":36,"column":27},"end":{"line":47,"column":2}},"18":{"start":{"line":36,"column":85},"end":{"line":47,"column":2}},"19":{"start":{"line":37,"column":4},"end":{"line":46,"column":5}},"20":{"start":{"line":38,"column":21},"end":{"line":38,"column":55}},"21":{"start":{"line":39,"column":8},"end":{"line":41,"column":9}},"22":{"start":{"line":40,"column":12},"end":{"line":40,"column":56}},"23":{"start":{"line":43,"column":8},"end":{"line":43,"column":43}},"24":{"start":{"line":45,"column":8},"end":{"line":45,"column":null}},"25":{"start":{"line":36,"column":13},"end":{"line":36,"column":27}},"26":{"start":{"line":49,"column":26},"end":{"line":59,"column":2}},"27":{"start":{"line":49,"column":84},"end":{"line":59,"column":2}},"28":{"start":{"line":50,"column":4},"end":{"line":58,"column":5}},"29":{"start":{"line":51,"column":28},"end":{"line":51,"column":96}},"30":{"start":{"line":52,"column":8},"end":{"line":54,"column":9}},"31":{"start":{"line":53,"column":12},"end":{"line":53,"column":56}},"32":{"start":{"line":55,"column":8},"end":{"line":55,"column":55}},"33":{"start":{"line":57,"column":8},"end":{"line":57,"column":null}},"34":{"start":{"line":49,"column":13},"end":{"line":49,"column":26}},"35":{"start":{"line":61,"column":26},"end":{"line":71,"column":2}},"36":{"start":{"line":61,"column":84},"end":{"line":71,"column":2}},"37":{"start":{"line":62,"column":4},"end":{"line":70,"column":5}},"38":{"start":{"line":63,"column":28},"end":{"line":63,"column":71}},"39":{"start":{"line":64,"column":8},"end":{"line":66,"column":9}},"40":{"start":{"line":65,"column":12},"end":{"line":65,"column":56}},"41":{"start":{"line":67,"column":8},"end":{"line":67,"column":30}},"42":{"start":{"line":69,"column":8},"end":{"line":69,"column":16}},"43":{"start":{"line":61,"column":13},"end":{"line":61,"column":26}}},"fnMap":{"0":{"name":"(anonymous_8)","decl":{"start":{"line":7,"column":26},"end":{"line":7,"column":33}},"loc":{"start":{"line":7,"column":84},"end":{"line":30,"column":2}}},"1":{"name":"(anonymous_9)","decl":{"start":{"line":7,"column":84},"end":{"line":7,"column":null}},"loc":{"start":{"line":7,"column":84},"end":{"line":30,"column":1}}},"2":{"name":"(anonymous_10)","decl":{"start":{"line":32,"column":27},"end":{"line":32,"column":34}},"loc":{"start":{"line":32,"column":87},"end":{"line":34,"column":2}}},"3":{"name":"(anonymous_11)","decl":{"start":{"line":32,"column":87},"end":{"line":32,"column":null}},"loc":{"start":{"line":32,"column":87},"end":{"line":34,"column":1}}},"4":{"name":"(anonymous_12)","decl":{"start":{"line":36,"column":27},"end":{"line":36,"column":34}},"loc":{"start":{"line":36,"column":85},"end":{"line":47,"column":2}}},"5":{"name":"(anonymous_13)","decl":{"start":{"line":36,"column":85},"end":{"line":36,"column":null}},"loc":{"start":{"line":36,"column":85},"end":{"line":47,"column":1}}},"6":{"name":"(anonymous_14)","decl":{"start":{"line":49,"column":26},"end":{"line":49,"column":33}},"loc":{"start":{"line":49,"column":84},"end":{"line":59,"column":2}}},"7":{"name":"(anonymous_15)","decl":{"start":{"line":49,"column":84},"end":{"line":49,"column":null}},"loc":{"start":{"line":49,"column":84},"end":{"line":59,"column":1}}},"8":{"name":"(anonymous_16)","decl":{"start":{"line":61,"column":26},"end":{"line":61,"column":33}},"loc":{"start":{"line":61,"column":84},"end":{"line":71,"column":2}}},"9":{"name":"(anonymous_17)","decl":{"start":{"line":61,"column":84},"end":{"line":61,"column":null}},"loc":{"start":{"line":61,"column":84},"end":{"line":71,"column":1}}}},"branchMap":{"0":{"loc":{"start":{"line":10,"column":29},"end":{"line":10,"column":47}},"type":"binary-expr","locations":[{"start":{"line":10,"column":29},"end":{"line":10,"column":34}},{"start":{"line":10,"column":38},"end":{"line":10,"column":47}}]},"1":{"loc":{"start":{"line":39,"column":8},"end":{"line":41,"column":9}},"type":"if","locations":[{"start":{"line":39,"column":8},"end":{"line":41,"column":9}}]},"2":{"loc":{"start":{"line":52,"column":8},"end":{"line":54,"column":9}},"type":"if","locations":[{"start":{"line":52,"column":8},"end":{"line":54,"column":9}}]},"3":{"loc":{"start":{"line":64,"column":8},"end":{"line":66,"column":9}},"type":"if","locations":[{"start":{"line":64,"column":8},"end":{"line":66,"column":9}}]}},"s":{"0":1,"1":1,"2":1,"3":1,"4":0,"5":0,"6":0,"7":0,"8":0,"9":0,"10":0,"11":0,"12":1,"13":1,"14":0,"15":0,"16":1,"17":1,"18":0,"19":0,"20":0,"21":0,"22":0,"23":0,"24":0,"25":1,"26":1,"27":0,"28":0,"29":0,"30":0,"31":0,"32":0,"33":0,"34":1,"35":1,"36":0,"37":0,"38":0,"39":0,"40":0,"41":0,"42":0,"43":1},"f":{"0":0,"1":0,"2":0,"3":0,"4":0,"5":0,"6":0,"7":0,"8":0,"9":0},"b":{"0":[0,0],"1":[0],"2":[0],"3":[0]}}
,"/Users/sukinhungphan/Documents/care/backend/controllers/user/googleAuthController.ts": {"path":"/Users/sukinhungphan/Documents/care/backend/controllers/user/googleAuthController.ts","statementMap":{"0":{"start":{"line":2,"column":0},"end":{"line":2,"column":41}},"1":{"start":{"line":3,"column":0},"end":{"line":3,"column":42}},"2":{"start":{"line":4,"column":25},"end":{"line":4,"column":55}},"3":{"start":{"line":6,"column":15},"end":{"line":6,"column":107}},"4":{"start":{"line":8,"column":31},"end":{"line":39,"column":2}},"5":{"start":{"line":8,"column":69},"end":{"line":39,"column":2}},"6":{"start":{"line":9,"column":38},"end":{"line":9,"column":46}},"7":{"start":{"line":10,"column":4},"end":{"line":38,"column":5}},"8":{"start":{"line":12,"column":23},"end":{"line":15,"column":6}},"9":{"start":{"line":16,"column":20},"end":{"line":16,"column":39}},"10":{"start":{"line":18,"column":4},"end":{"line":18,"column":54}},"11":{"start":{"line":18,"column":19},"end":{"line":18,"column":54}},"12":{"start":{"line":21,"column":47},"end":{"line":21,"column":54}},"13":{"start":{"line":24,"column":15},"end":{"line":24,"column":44}},"14":{"start":{"line":26,"column":4},"end":{"line":33,"column":5}},"15":{"start":{"line":28,"column":6},"end":{"line":32,"column":9}},"16":{"start":{"line":34,"column":4},"end":{"line":34,"column":38}},"17":{"start":{"line":36,"column":8},"end":{"line":36,"column":55}},"18":{"start":{"line":37,"column":8},"end":{"line":37,"column":28}},"19":{"start":{"line":8,"column":13},"end":{"line":8,"column":31}}},"fnMap":{"0":{"name":"(anonymous_8)","decl":{"start":{"line":8,"column":31},"end":{"line":8,"column":38}},"loc":{"start":{"line":8,"column":69},"end":{"line":39,"column":2}}},"1":{"name":"(anonymous_9)","decl":{"start":{"line":8,"column":69},"end":{"line":8,"column":null}},"loc":{"start":{"line":8,"column":69},"end":{"line":39,"column":1}}}},"branchMap":{"0":{"loc":{"start":{"line":18,"column":4},"end":{"line":18,"column":54}},"type":"if","locations":[{"start":{"line":18,"column":4},"end":{"line":18,"column":54}}]},"1":{"loc":{"start":{"line":26,"column":4},"end":{"line":33,"column":5}},"type":"if","locations":[{"start":{"line":26,"column":4},"end":{"line":33,"column":5}}]}},"s":{"0":1,"1":1,"2":1,"3":1,"4":1,"5":0,"6":0,"7":0,"8":0,"9":0,"10":0,"11":0,"12":0,"13":0,"14":0,"15":0,"16":0,"17":0,"18":0,"19":1},"f":{"0":0,"1":0},"b":{"0":[0],"1":[0]}}
,"/Users/sukinhungphan/Documents/care/backend/controllers/user/userController.ts": {"path":"/Users/sukinhungphan/Documents/care/backend/controllers/user/userController.ts","statementMap":{"0":{"start":{"line":3,"column":13},"end":{"line":3,"column":36}},"1":{"start":{"line":4,"column":15},"end":{"line":4,"column":34}},"2":{"start":{"line":6,"column":0},"end":{"line":6,"column":53}},"3":{"start":{"line":7,"column":0},"end":{"line":7,"column":71}},"4":{"start":{"line":8,"column":0},"end":{"line":8,"column":64}},"5":{"start":{"line":10,"column":19},"end":{"line":10,"column":41}},"6":{"start":{"line":12,"column":26},"end":{"line":33,"column":2}},"7":{"start":{"line":12,"column":84},"end":{"line":33,"column":2}},"8":{"start":{"line":13,"column":4},"end":{"line":32,"column":5}},"9":{"start":{"line":14,"column":42},"end":{"line":14,"column":50}},"10":{"start":{"line":16,"column":29},"end":{"line":16,"column":58}},"11":{"start":{"line":17,"column":8},"end":{"line":19,"column":9}},"12":{"start":{"line":18,"column":12},"end":{"line":18,"column":55}},"13":{"start":{"line":21,"column":29},"end":{"line":21,"column":60}},"14":{"start":{"line":22,"column":31},"end":{"line":22,"column":70}},"15":{"start":{"line":23,"column":8},"end":{"line":23,"column":29}},"16":{"start":{"line":25,"column":22},"end":{"line":27,"column":10}},"17":{"start":{"line":29,"column":8},"end":{"line":29,"column":64}},"18":{"start":{"line":31,"column":8},"end":{"line":31,"column":20}},"19":{"start":{"line":12,"column":13},"end":{"line":12,"column":26}},"20":{"start":{"line":35,"column":27},"end":{"line":37,"column":2}},"21":{"start":{"line":35,"column":85},"end":{"line":37,"column":2}},"22":{"start":{"line":36,"column":4},"end":{"line":36,"column":51}},"23":{"start":{"line":35,"column":13},"end":{"line":35,"column":27}},"24":{"start":{"line":39,"column":25},"end":{"line":59,"column":2}},"25":{"start":{"line":39,"column":83},"end":{"line":59,"column":2}},"26":{"start":{"line":40,"column":4},"end":{"line":58,"column":5}},"27":{"start":{"line":41,"column":36},"end":{"line":41,"column":44}},"28":{"start":{"line":42,"column":21},"end":{"line":42,"column":50}},"29":{"start":{"line":43,"column":8},"end":{"line":45,"column":9}},"30":{"start":{"line":44,"column":12},"end":{"line":44,"column":44}},"31":{"start":{"line":47,"column":32},"end":{"line":47,"column":81}},"32":{"start":{"line":48,"column":8},"end":{"line":50,"column":9}},"33":{"start":{"line":49,"column":12},"end":{"line":49,"column":44}},"34":{"start":{"line":52,"column":22},"end":{"line":54,"column":10}},"35":{"start":{"line":55,"column":8},"end":{"line":55,"column":49}},"36":{"start":{"line":57,"column":8},"end":{"line":57,"column":20}},"37":{"start":{"line":39,"column":13},"end":{"line":39,"column":25}}},"fnMap":{"0":{"name":"(anonymous_8)","decl":{"start":{"line":12,"column":26},"end":{"line":12,"column":33}},"loc":{"start":{"line":12,"column":84},"end":{"line":33,"column":2}}},"1":{"name":"(anonymous_9)","decl":{"start":{"line":12,"column":84},"end":{"line":12,"column":null}},"loc":{"start":{"line":12,"column":84},"end":{"line":33,"column":1}}},"2":{"name":"(anonymous_10)","decl":{"start":{"line":35,"column":27},"end":{"line":35,"column":34}},"loc":{"start":{"line":35,"column":85},"end":{"line":37,"column":2}}},"3":{"name":"(anonymous_11)","decl":{"start":{"line":35,"column":85},"end":{"line":35,"column":null}},"loc":{"start":{"line":35,"column":85},"end":{"line":37,"column":1}}},"4":{"name":"(anonymous_12)","decl":{"start":{"line":39,"column":25},"end":{"line":39,"column":32}},"loc":{"start":{"line":39,"column":83},"end":{"line":59,"column":2}}},"5":{"name":"(anonymous_13)","decl":{"start":{"line":39,"column":83},"end":{"line":39,"column":null}},"loc":{"start":{"line":39,"column":83},"end":{"line":59,"column":1}}}},"branchMap":{"0":{"loc":{"start":{"line":17,"column":8},"end":{"line":19,"column":9}},"type":"if","locations":[{"start":{"line":17,"column":8},"end":{"line":19,"column":9}}]},"1":{"loc":{"start":{"line":43,"column":8},"end":{"line":45,"column":9}},"type":"if","locations":[{"start":{"line":43,"column":8},"end":{"line":45,"column":9}}]},"2":{"loc":{"start":{"line":48,"column":8},"end":{"line":50,"column":9}},"type":"if","locations":[{"start":{"line":48,"column":8},"end":{"line":50,"column":9}}]}},"s":{"0":1,"1":1,"2":1,"3":1,"4":1,"5":1,"6":1,"7":0,"8":0,"9":0,"10":0,"11":0,"12":0,"13":0,"14":0,"15":0,"16":0,"17":0,"18":0,"19":1,"20":1,"21":0,"22":0,"23":1,"24":1,"25":0,"26":0,"27":0,"28":0,"29":0,"30":0,"31":0,"32":0,"33":0,"34":0,"35":0,"36":0,"37":1},"f":{"0":0,"1":0,"2":0,"3":0,"4":0,"5":0},"b":{"0":[0],"1":[0],"2":[0]}}
,"/Users/sukinhungphan/Documents/care/backend/errors/AuthenticationError.ts": {"path":"/Users/sukinhungphan/Documents/care/backend/errors/AuthenticationError.ts","statementMap":{"0":{"start":{"line":1,"column":0},"end":{"line":1,"column":51}},"1":{"start":{"line":6,"column":8},"end":{"line":6,"column":65}},"2":{"start":{"line":4,"column":4},"end":{"line":4,"column":21}},"3":{"start":{"line":7,"column":8},"end":{"line":7,"column":67}},"4":{"start":{"line":10,"column":8},"end":{"line":10,"column":78}},"5":{"start":{"line":3,"column":0},"end":{"line":3,"column":13}}},"fnMap":{"0":{"name":"(anonymous_0)","decl":{"start":{"line":5,"column":4},"end":{"line":5,"column":null}},"loc":{"start":{"line":5,"column":4},"end":{"line":8,"column":5}}},"1":{"name":"(anonymous_1)","decl":{"start":{"line":9,"column":4},"end":{"line":9,"column":13}},"loc":{"start":{"line":9,"column":13},"end":{"line":11,"column":5}}}},"branchMap":{},"s":{"0":1,"1":0,"2":0,"3":0,"4":0,"5":1},"f":{"0":0,"1":0},"b":{}}
,"/Users/sukinhungphan/Documents/care/backend/errors/BadRequestError.ts": {"path":"/Users/sukinhungphan/Documents/care/backend/errors/BadRequestError.ts","statementMap":{"0":{"start":{"line":1,"column":0},"end":{"line":1,"column":51}},"1":{"start":{"line":6,"column":8},"end":{"line":6,"column":23}},"2":{"start":{"line":5,"column":23},"end":{"line":5,"column":38}},"3":{"start":{"line":4,"column":4},"end":{"line":4,"column":21}},"4":{"start":{"line":7,"column":8},"end":{"line":7,"column":63}},"5":{"start":{"line":10,"column":8},"end":{"line":10,"column":null}},"6":{"start":{"line":3,"column":0},"end":{"line":3,"column":13}}},"fnMap":{"0":{"name":"(anonymous_0)","decl":{"start":{"line":5,"column":4},"end":{"line":5,"column":23}},"loc":{"start":{"line":5,"column":38},"end":{"line":8,"column":5}}},"1":{"name":"(anonymous_1)","decl":{"start":{"line":9,"column":4},"end":{"line":9,"column":13}},"loc":{"start":{"line":9,"column":13},"end":{"line":11,"column":5}}}},"branchMap":{},"s":{"0":1,"1":0,"2":0,"3":0,"4":0,"5":0,"6":1},"f":{"0":0,"1":0},"b":{}}
,"/Users/sukinhungphan/Documents/care/backend/models/ItemModel.ts": {"path":"/Users/sukinhungphan/Documents/care/backend/models/ItemModel.ts","statementMap":{"0":{"start":{"line":1,"column":0},"end":{"line":1,"column":61}},"1":{"start":{"line":6,"column":34},"end":{"line":51,"column":2}},"2":{"start":{"line":45,"column":23},"end":{"line":45,"column":33}},"3":{"start":{"line":54,"column":0},"end":{"line":54,"column":31}},"4":{"start":{"line":55,"column":0},"end":{"line":55,"column":30}},"5":{"start":{"line":56,"column":0},"end":{"line":56,"column":33}},"6":{"start":{"line":58,"column":0},"end":{"line":65,"column":3}},"7":{"start":{"line":60,"column":4},"end":{"line":60,"column":54}},"8":{"start":{"line":62,"column":4},"end":{"line":62,"column":30}},"9":{"start":{"line":63,"column":4},"end":{"line":63,"column":30}},"10":{"start":{"line":67,"column":27},"end":{"line":67,"column":68}},"11":{"start":{"line":68,"column":0},"end":{"line":68,"column":20}}},"fnMap":{"0":{"name":"(anonymous_1)","decl":{"start":{"line":45,"column":17},"end":{"line":45,"column":20}},"loc":{"start":{"line":45,"column":23},"end":{"line":45,"column":33}}},"1":{"name":"(anonymous_2)","decl":{"start":{"line":59,"column":15},"end":{"line":59,"column":16}},"loc":{"start":{"line":59,"column":88},"end":{"line":64,"column":1}}}},"branchMap":{},"s":{"0":1,"1":1,"2":0,"3":1,"4":1,"5":1,"6":1,"7":0,"8":0,"9":0,"10":1,"11":1},"f":{"0":0,"1":0},"b":{}}
,"/Users/sukinhungphan/Documents/care/backend/models/UserModel.ts": {"path":"/Users/sukinhungphan/Documents/care/backend/models/UserModel.ts","statementMap":{"0":{"start":{"line":1,"column":0},"end":{"line":1,"column":54}},"1":{"start":{"line":10,"column":19},"end":{"line":15,"column":2}},"2":{"start":{"line":17,"column":0},"end":{"line":27,"column":null}},"3":{"start":{"line":19,"column":8},"end":{"line":19,"column":58}},"4":{"start":{"line":21,"column":8},"end":{"line":21,"column":34}},"5":{"start":{"line":22,"column":8},"end":{"line":22,"column":34}},"6":{"start":{"line":25,"column":8},"end":{"line":25,"column":43}},"7":{"start":{"line":29,"column":14},"end":{"line":29,"column":55}},"8":{"start":{"line":31,"column":0},"end":{"line":31,"column":20}}},"fnMap":{"0":{"name":"(anonymous_9)","decl":{"start":{"line":18,"column":15},"end":{"line":18,"column":16}},"loc":{"start":{"line":18,"column":88},"end":{"line":26,"column":5}}}},"branchMap":{},"s":{"0":2,"1":2,"2":2,"3":0,"4":0,"5":0,"6":0,"7":2,"8":2},"f":{"0":0},"b":{}}
,"/Users/sukinhungphan/Documents/care/backend/routes/itemRoutes.ts": {"path":"/Users/sukinhungphan/Documents/care/backend/routes/itemRoutes.ts","statementMap":{"0":{"start":{"line":1,"column":0},"end":{"line":1,"column":30}},"1":{"start":{"line":2,"column":0},"end":{"line":2,"column":68}},"2":{"start":{"line":3,"column":0},"end":{"line":3,"column":113}},"3":{"start":{"line":5,"column":19},"end":{"line":5,"column":35}},"4":{"start":{"line":8,"column":0},"end":{"line":8,"column":36}},"5":{"start":{"line":11,"column":0},"end":{"line":11,"column":33}},"6":{"start":{"line":14,"column":0},"end":{"line":14,"column":33}},"7":{"start":{"line":17,"column":0},"end":{"line":17,"column":48}},"8":{"start":{"line":20,"column":0},"end":{"line":20,"column":38}},"9":{"start":{"line":22,"column":0},"end":{"line":22,"column":26}}},"fnMap":{},"branchMap":{},"s":{"0":1,"1":1,"2":1,"3":1,"4":1,"5":1,"6":1,"7":1,"8":1,"9":1},"f":{},"b":{}}
,"/Users/sukinhungphan/Documents/care/backend/routes/userRoutes.ts": {"path":"/Users/sukinhungphan/Documents/care/backend/routes/userRoutes.ts","statementMap":{"0":{"start":{"line":1,"column":0},"end":{"line":1,"column":30}},"1":{"start":{"line":2,"column":0},"end":{"line":2,"column":88}},"2":{"start":{"line":3,"column":0},"end":{"line":3,"column":75}},"3":{"start":{"line":5,"column":19},"end":{"line":5,"column":35}},"4":{"start":{"line":7,"column":0},"end":{"line":7,"column":39}},"5":{"start":{"line":9,"column":0},"end":{"line":9,"column":37}},"6":{"start":{"line":11,"column":0},"end":{"line":11,"column":53}},"7":{"start":{"line":13,"column":0},"end":{"line":13,"column":33}},"8":{"start":{"line":15,"column":0},"end":{"line":15,"column":26}}},"fnMap":{},"branchMap":{},"s":{"0":1,"1":1,"2":1,"3":1,"4":1,"5":1,"6":1,"7":1,"8":1},"f":{},"b":{}}
,"/Users/sukinhungphan/Documents/care/backend/utils/CustomError.ts": {"path":"/Users/sukinhungphan/Documents/care/backend/utils/CustomError.ts","statementMap":{"0":{"start":{"line":3,"column":8},"end":{"line":3,"column":23}},"1":{"start":{"line":2,"column":23},"end":{"line":2,"column":38}},"2":{"start":{"line":1,"column":0},"end":{"line":1,"column":22}}},"fnMap":{"0":{"name":"(anonymous_0)","decl":{"start":{"line":2,"column":4},"end":{"line":2,"column":23}},"loc":{"start":{"line":2,"column":38},"end":{"line":4,"column":5}}}},"branchMap":{},"s":{"0":0,"1":0,"2":2},"f":{"0":0},"b":{}}
,"/Users/sukinhungphan/Documents/care/backend/utils/useEntitiesWrapper.ts": {"path":"/Users/sukinhungphan/Documents/care/backend/utils/useEntitiesWrapper.ts","statementMap":{"0":{"start":{"line":17,"column":27},"end":{"line":50,"column":2}},"1":{"start":{"line":22,"column":19},"end":{"line":50,"column":2}},"2":{"start":{"line":23,"column":17},"end":{"line":23,"column":60}},"3":{"start":{"line":24,"column":18},"end":{"line":24,"column":63}},"4":{"start":{"line":26,"column":18},"end":{"line":26,"column":51}},"5":{"start":{"line":27,"column":23},"end":{"line":27,"column":47}},"6":{"start":{"line":28,"column":24},"end":{"line":28,"column":41}},"7":{"start":{"line":29,"column":24},"end":{"line":29,"column":32}},"8":{"start":{"line":31,"column":17},"end":{"line":34,"column":17}},"9":{"start":{"line":36,"column":42},"end":{"line":47,"column":6}},"10":{"start":{"line":49,"column":4},"end":{"line":49,"column":21}},"11":{"start":{"line":52,"column":0},"end":{"line":52,"column":34}}},"fnMap":{"0":{"name":"(anonymous_7)","decl":{"start":{"line":17,"column":27},"end":{"line":17,"column":null}},"loc":{"start":{"line":22,"column":19},"end":{"line":50,"column":2}}},"1":{"name":"(anonymous_8)","decl":{"start":{"line":22,"column":19},"end":{"line":22,"column":null}},"loc":{"start":{"line":21,"column":14},"end":{"line":50,"column":1}}}},"branchMap":{"0":{"loc":{"start":{"line":21,"column":4},"end":{"line":21,"column":14}},"type":"default-arg","locations":[{"start":{"line":21,"column":12},"end":{"line":21,"column":14}}]},"1":{"loc":{"start":{"line":23,"column":17},"end":{"line":23,"column":60}},"type":"binary-expr","locations":[{"start":{"line":23,"column":17},"end":{"line":23,"column":55}},{"start":{"line":23,"column":59},"end":{"line":23,"column":60}}]},"2":{"loc":{"start":{"line":24,"column":18},"end":{"line":24,"column":63}},"type":"binary-expr","locations":[{"start":{"line":24,"column":18},"end":{"line":24,"column":57}},{"start":{"line":24,"column":61},"end":{"line":24,"column":63}}]}},"s":{"0":1,"1":0,"2":0,"3":0,"4":0,"5":0,"6":0,"7":0,"8":0,"9":0,"10":0,"11":1},"f":{"0":0,"1":0},"b":{"0":[0],"1":[0,0],"2":[0,0]}}
,"/Users/sukinhungphan/Documents/care/backend/utils/useEntityWrapper.ts": {"path":"/Users/sukinhungphan/Documents/care/backend/utils/useEntityWrapper.ts","statementMap":{"0":{"start":{"line":12,"column":25},"end":{"line":23,"column":1}},"1":{"start":{"line":13,"column":31},"end":{"line":15,"column":6}},"2":{"start":{"line":17,"column":40},"end":{"line":20,"column":6}},"3":{"start":{"line":22,"column":4},"end":{"line":22,"column":42}},"4":{"start":{"line":25,"column":0},"end":{"line":25,"column":32}}},"fnMap":{"0":{"name":"(anonymous_0)","decl":{"start":{"line":12,"column":25},"end":{"line":12,"column":29}},"loc":{"start":{"line":12,"column":89},"end":{"line":23,"column":1}}}},"branchMap":{"0":{"loc":{"start":{"line":12,"column":55},"end":{"line":12,"column":79}},"type":"default-arg","locations":[{"start":{"line":12,"column":76},"end":{"line":12,"column":79}}]}},"s":{"0":1,"1":0,"2":0,"3":0,"4":1},"f":{"0":0},"b":{"0":[0]}}
}
