TN:
SF:config/config.ts
FNF:0
FNH:0
DA:1,1
DA:2,1
DA:4,1
DA:5,1
DA:6,1
DA:8,1
DA:10,1
DA:11,1
LF:8
LH:8
BRDA:4,0,0,1
BRDA:4,0,1,0
BRDA:8,1,0,0
BRDA:8,1,1,1
BRF:4
BRH:2
end_of_record
TN:
SF:config/logger.ts
FN:3,(anonymous_0)
FN:7,(anonymous_1)
FNF:2
FNH:1
FNDA:1,(anonymous_0)
FNDA:0,(anonymous_1)
DA:3,1
DA:4,1
DA:7,1
DA:8,0
DA:11,1
DA:12,1
LF:6
LH:5
BRF:0
BRH:0
end_of_record
TN:
SF:controllers/item/itemControler.ts
FN:7,(anonymous_8)
FN:7,(anonymous_9)
FN:32,(anonymous_10)
FN:32,(anonymous_11)
FN:36,(anonymous_12)
FN:36,(anonymous_13)
FN:49,(anonymous_14)
FN:49,(anonymous_15)
FN:61,(anonymous_16)
FN:61,(anonymous_17)
FNF:10
FNH:0
FNDA:0,(anonymous_8)
FNDA:0,(anonymous_9)
FNDA:0,(anonymous_10)
FNDA:0,(anonymous_11)
FNDA:0,(anonymous_12)
FNDA:0,(anonymous_13)
FNDA:0,(anonymous_14)
FNDA:0,(anonymous_15)
FNDA:0,(anonymous_16)
FNDA:0,(anonymous_17)
DA:2,1
DA:3,1
DA:5,1
DA:7,1
DA:8,0
DA:9,0
DA:10,0
DA:12,0
DA:25,0
DA:26,0
DA:28,0
DA:32,1
DA:33,0
DA:36,1
DA:37,0
DA:38,0
DA:39,0
DA:40,0
DA:43,0
DA:45,0
DA:49,1
DA:50,0
DA:51,0
DA:52,0
DA:53,0
DA:55,0
DA:57,0
DA:61,1
DA:62,0
DA:63,0
DA:64,0
DA:65,0
DA:67,0
DA:69,0
LF:34
LH:8
BRDA:10,0,0,0
BRDA:10,0,1,0
BRDA:39,1,0,0
BRDA:52,2,0,0
BRDA:64,3,0,0
BRF:5
BRH:0
end_of_record
TN:
SF:controllers/user/googleAuthController.ts
FN:8,(anonymous_8)
FN:8,(anonymous_9)
FNF:2
FNH:0
FNDA:0,(anonymous_8)
FNDA:0,(anonymous_9)
DA:2,1
DA:3,1
DA:4,1
DA:6,1
DA:8,1
DA:9,0
DA:10,0
DA:12,0
DA:16,0
DA:18,0
DA:21,0
DA:24,0
DA:26,0
DA:28,0
DA:34,0
DA:36,0
DA:37,0
LF:17
LH:5
BRDA:18,0,0,0
BRDA:26,1,0,0
BRF:2
BRH:0
end_of_record
TN:
SF:controllers/user/userController.ts
FN:12,(anonymous_8)
FN:12,(anonymous_9)
FN:35,(anonymous_10)
FN:35,(anonymous_11)
FN:39,(anonymous_12)
FN:39,(anonymous_13)
FNF:6
FNH:0
FNDA:0,(anonymous_8)
FNDA:0,(anonymous_9)
FNDA:0,(anonymous_10)
FNDA:0,(anonymous_11)
FNDA:0,(anonymous_12)
FNDA:0,(anonymous_13)
DA:3,1
DA:4,1
DA:6,1
DA:7,1
DA:8,1
DA:10,1
DA:12,1
DA:13,0
DA:14,0
DA:16,0
DA:17,0
DA:18,0
DA:21,0
DA:22,0
DA:23,0
DA:25,0
DA:29,0
DA:31,0
DA:35,1
DA:36,0
DA:39,1
DA:40,0
DA:41,0
DA:42,0
DA:43,0
DA:44,0
DA:47,0
DA:48,0
DA:49,0
DA:52,0
DA:55,0
DA:57,0
LF:32
LH:9
BRDA:17,0,0,0
BRDA:43,1,0,0
BRDA:48,2,0,0
BRF:3
BRH:0
end_of_record
TN:
SF:errors/AuthenticationError.ts
FN:5,(anonymous_0)
FN:9,(anonymous_1)
FNF:2
FNH:0
FNDA:0,(anonymous_0)
FNDA:0,(anonymous_1)
DA:1,1
DA:3,1
DA:4,0
DA:6,0
DA:7,0
DA:10,0
LF:6
LH:2
BRF:0
BRH:0
end_of_record
TN:
SF:errors/BadRequestError.ts
FN:5,(anonymous_0)
FN:9,(anonymous_1)
FNF:2
FNH:0
FNDA:0,(anonymous_0)
FNDA:0,(anonymous_1)
DA:1,1
DA:3,1
DA:4,0
DA:5,0
DA:6,0
DA:7,0
DA:10,0
LF:7
LH:2
BRF:0
BRH:0
end_of_record
TN:
SF:models/ItemModel.ts
FN:45,(anonymous_1)
FN:59,(anonymous_2)
FNF:2
FNH:0
FNDA:0,(anonymous_1)
FNDA:0,(anonymous_2)
DA:1,1
DA:6,1
DA:45,0
DA:54,1
DA:55,1
DA:56,1
DA:58,1
DA:60,0
DA:62,0
DA:63,0
DA:67,1
DA:68,1
LF:12
LH:8
BRF:0
BRH:0
end_of_record
TN:
SF:models/UserModel.ts
FN:18,(anonymous_9)
FNF:1
FNH:0
FNDA:0,(anonymous_9)
DA:1,2
DA:10,2
DA:17,2
DA:19,0
DA:21,0
DA:22,0
DA:25,0
DA:29,2
DA:31,2
LF:9
LH:5
BRF:0
BRH:0
end_of_record
TN:
SF:routes/itemRoutes.ts
FNF:0
FNH:0
DA:1,1
DA:2,1
DA:3,1
DA:5,1
DA:8,1
DA:11,1
DA:14,1
DA:17,1
DA:20,1
DA:22,1
LF:10
LH:10
BRF:0
BRH:0
end_of_record
TN:
SF:routes/userRoutes.ts
FNF:0
FNH:0
DA:1,1
DA:2,1
DA:3,1
DA:5,1
DA:7,1
DA:9,1
DA:11,1
DA:13,1
DA:15,1
LF:9
LH:9
BRF:0
BRH:0
end_of_record
TN:
SF:utils/CustomError.ts
FN:2,(anonymous_0)
FNF:1
FNH:0
FNDA:0,(anonymous_0)
DA:1,2
DA:2,0
DA:3,0
LF:3
LH:1
BRF:0
BRH:0
end_of_record
TN:
SF:utils/useEntitiesWrapper.ts
FN:17,(anonymous_7)
FN:22,(anonymous_8)
FNF:2
FNH:0
FNDA:0,(anonymous_7)
FNDA:0,(anonymous_8)
DA:17,1
DA:22,0
DA:23,0
DA:24,0
DA:26,0
DA:27,0
DA:28,0
DA:29,0
DA:31,0
DA:36,0
DA:49,0
DA:52,1
LF:12
LH:2
BRDA:21,0,0,0
BRDA:23,1,0,0
BRDA:23,1,1,0
BRDA:24,2,0,0
BRDA:24,2,1,0
BRF:5
BRH:0
end_of_record
TN:
SF:utils/useEntityWrapper.ts
FN:12,(anonymous_0)
FNF:1
FNH:0
FNDA:0,(anonymous_0)
DA:12,1
DA:13,0
DA:17,0
DA:22,0
DA:25,1
LF:5
LH:2
BRDA:12,0,0,0
BRF:1
BRH:0
end_of_record
